<?xml version="1.0" encoding="UTF-8"?>
<!-- Generated by org.testng.reporters.JUnitXMLReporter -->
<testsuite hostname="Dan_Raju" ignored="0" name="Test" tests="31" failures="0" timestamp="2022-06-21T07:05:22 IST" time="164.694" errors="0">
  <testcase name="userIdFeildIsDisplayed" time="0.896" classname="com.qa.testcases.SignInTestCase"/>
  <testcase name="passwordFeildIsDisplayed" time="0.111" classname="com.qa.testcases.SignInTestCase"/>
  <testcase name="passwordMasked" time="0.072" classname="com.qa.testcases.SignInTestCase"/>
  <testcase name="login" time="6.672" classname="com.qa.testcases.SignInTestCase"/>
  <testcase name="expenseCategoryPageVerification" time="4.445" classname="com.qa.testcases.ExpenseCategoryTestCase"/>
  <testcase name="verifyExpenseCategoryPageNewButtonElement" time="0.112" classname="com.qa.testcases.ExpenseCategoryTestCase"/>
  <testcase name="verifyExpenseCategoryPageSearchButtonElement" time="0.118" classname="com.qa.testcases.ExpenseCategoryTestCase"/>
  <testcase name="listOrderIsDisplayed" time="2.56" classname="com.qa.testcases.ManageOrderTestCase"/>
  <testcase name="verifyHomePageTitel" time="0.008" classname="com.qa.testcases.ManageOrderTestCase"/>
  <testcase name="searchManageOrderPage" time="2.16" classname="com.qa.testcases.ManageOrderTestCase"/>
  <testcase name="verifyReset" time="1.489" classname="com.qa.testcases.ManageOrderTestCase"/>
  <testcase name="verifyView" time="0.869" classname="com.qa.testcases.ManageOrderTestCase"/>
  <testcase name="verifyManageProduct" time="1.072" classname="com.qa.testcases.ManageProductTestCase"/>
  <testcase name="verifyManageProductPage" time="12.075" classname="com.qa.testcases.ManageProductTestCase"/>
  <testcase name="verifySearchBtn" time="3.195" classname="com.qa.testcases.ManageProductTestCase"/>
  <testcase name="manageVerifyUsersPage" time="0.71" classname="com.qa.testcases.ManageUsersTestCase"/>
  <testcase name="searchVerifyUsersPage" time="2.473" classname="com.qa.testcases.ManageUsersTestCase"/>
  <testcase name="verifyStatus" time="0.586" classname="com.qa.testcases.ManageUsersTestCase"/>
  <testcase name="testPushNotiPage" time="1.52" classname="com.qa.testcases.PushNotificationsPageTestCase"/>
  <testcase name="verifyPushNotificationPage" time="2.459" classname="com.qa.testcases.PushNotificationsPageTestCase"/>
  <testcase name="verifyAlert" time="0.058" classname="com.qa.testcases.PushNotificationsPageTestCase"/>
  <testcase name="verifyTestReset" time="0.441" classname="com.qa.testcases.PushNotificationsPageTestCase"/>
  <testcase name="verifyNewBtn" time="2.683" classname="com.qa.testcases.ManageNewsTestCase"/>
  <testcase name="verifyNewBtnAssert" time="0.059" classname="com.qa.testcases.ManageNewsTestCase"/>
  <testcase name="verifysearchBtn" time="1.487" classname="com.qa.testcases.ManageNewsTestCase"/>
  <testcase name="verifyResetBtn" time="0.701" classname="com.qa.testcases.ManageNewsTestCase"/>
  <testcase name="verifyLocation" time="1.857" classname="com.qa.testcases.ManageLocationTestCase"/>
  <testcase name="verifyNewBtn" time="3.417" classname="com.qa.testcases.ManageLocationTestCase"/>
  <testcase name="verifyNewBtnAlert" time="0.063" classname="com.qa.testcases.ManageLocationTestCase"/>
  <testcase name="verifySearchBtn" time="2.263" classname="com.qa.testcases.ManageLocationTestCase"/>
  <testcase name="titleUrl" time="0.075" classname="com.qa.testcases.ManageLocationTestCase"/>
</testsuite> <!-- Test -->
