<?xml version="1.0" encoding="UTF-8"?>
<testng-results skipped="0" failed="0" ignored="0" total="31" passed="31">
  <reporter-output>
  </reporter-output>
  <suite name="Suite" duration-ms="164694" started-at="2022-06-21T07:02:37 IST" finished-at="2022-06-21T07:05:22 IST">
    <groups>
    </groups>
    <test name="Test" duration-ms="164694" started-at="2022-06-21T07:02:37 IST" finished-at="2022-06-21T07:05:22 IST">
      <class name="com.qa.testcases.ManageLocationTestCase">
        <test-method status="PASS" signature="initializeDriver()[pri:0, instance:com.qa.testcases.ManageLocationTestCase@4c583ecf]" name="initializeDriver" is-config="true" duration-ms="7488" started-at="2022-06-21T07:05:03 IST" finished-at="2022-06-21T07:05:10 IST">
          <reporter-output>
          </reporter-output>
        </test-method> <!-- initializeDriver -->
        <test-method status="PASS" signature="performLogin()[pri:0, instance:com.qa.testcases.ManageLocationTestCase@4c583ecf]" name="performLogin" is-config="true" duration-ms="1858" started-at="2022-06-21T07:05:10 IST" finished-at="2022-06-21T07:05:12 IST">
          <reporter-output>
          </reporter-output>
        </test-method> <!-- performLogin -->
        <test-method status="PASS" signature="verifyLocation()[pri:1, instance:com.qa.testcases.ManageLocationTestCase@4c583ecf]" name="verifyLocation" duration-ms="1857" started-at="2022-06-21T07:05:12 IST" finished-at="2022-06-21T07:05:14 IST">
          <reporter-output>
          </reporter-output>
        </test-method> <!-- verifyLocation -->
        <test-method status="PASS" signature="verifyNewBtn()[pri:2, instance:com.qa.testcases.ManageLocationTestCase@4c583ecf]" name="verifyNewBtn" duration-ms="3417" started-at="2022-06-21T07:05:14 IST" finished-at="2022-06-21T07:05:17 IST">
          <reporter-output>
          </reporter-output>
        </test-method> <!-- verifyNewBtn -->
        <test-method status="PASS" signature="verifyNewBtnAlert()[pri:3, instance:com.qa.testcases.ManageLocationTestCase@4c583ecf]" name="verifyNewBtnAlert" duration-ms="63" started-at="2022-06-21T07:05:17 IST" finished-at="2022-06-21T07:05:17 IST">
          <reporter-output>
          </reporter-output>
        </test-method> <!-- verifyNewBtnAlert -->
        <test-method status="PASS" signature="verifySearchBtn()[pri:4, instance:com.qa.testcases.ManageLocationTestCase@4c583ecf]" name="verifySearchBtn" duration-ms="2263" started-at="2022-06-21T07:05:17 IST" finished-at="2022-06-21T07:05:19 IST">
          <reporter-output>
          </reporter-output>
        </test-method> <!-- verifySearchBtn -->
        <test-method status="PASS" signature="titleUrl()[pri:5, instance:com.qa.testcases.ManageLocationTestCase@4c583ecf]" name="titleUrl" duration-ms="75" started-at="2022-06-21T07:05:19 IST" finished-at="2022-06-21T07:05:20 IST">
          <reporter-output>
          </reporter-output>
        </test-method> <!-- titleUrl -->
        <test-method status="PASS" signature="close()[pri:0, instance:com.qa.testcases.ManageLocationTestCase@4c583ecf]" name="close" is-config="true" duration-ms="1936" started-at="2022-06-21T07:05:20 IST" finished-at="2022-06-21T07:05:22 IST">
          <reporter-output>
          </reporter-output>
        </test-method> <!-- close -->
      </class> <!-- com.qa.testcases.ManageLocationTestCase -->
      <class name="com.qa.testcases.PushNotificationsPageTestCase">
        <test-method status="PASS" signature="initializeDriver()[pri:0, instance:com.qa.testcases.PushNotificationsPageTestCase@7cc0cdad]" name="initializeDriver" is-config="true" duration-ms="7577" started-at="2022-06-21T07:04:30 IST" finished-at="2022-06-21T07:04:37 IST">
          <reporter-output>
          </reporter-output>
        </test-method> <!-- initializeDriver -->
        <test-method status="PASS" signature="performLogin()[pri:0, instance:com.qa.testcases.PushNotificationsPageTestCase@7cc0cdad]" name="performLogin" is-config="true" duration-ms="1870" started-at="2022-06-21T07:04:37 IST" finished-at="2022-06-21T07:04:39 IST">
          <reporter-output>
          </reporter-output>
        </test-method> <!-- performLogin -->
        <test-method status="PASS" signature="testPushNotiPage()[pri:1, instance:com.qa.testcases.PushNotificationsPageTestCase@7cc0cdad]" name="testPushNotiPage" duration-ms="1520" started-at="2022-06-21T07:04:39 IST" finished-at="2022-06-21T07:04:41 IST">
          <reporter-output>
          </reporter-output>
        </test-method> <!-- testPushNotiPage -->
        <test-method status="PASS" signature="verifyPushNotificationPage()[pri:2, instance:com.qa.testcases.PushNotificationsPageTestCase@7cc0cdad]" name="verifyPushNotificationPage" duration-ms="2459" started-at="2022-06-21T07:04:41 IST" finished-at="2022-06-21T07:04:43 IST">
          <reporter-output>
          </reporter-output>
        </test-method> <!-- verifyPushNotificationPage -->
        <test-method status="PASS" signature="verifyAlert()[pri:3, instance:com.qa.testcases.PushNotificationsPageTestCase@7cc0cdad]" name="verifyAlert" duration-ms="58" started-at="2022-06-21T07:04:43 IST" finished-at="2022-06-21T07:04:43 IST">
          <reporter-output>
          </reporter-output>
        </test-method> <!-- verifyAlert -->
        <test-method status="PASS" signature="verifyTestReset()[pri:4, instance:com.qa.testcases.PushNotificationsPageTestCase@7cc0cdad]" name="verifyTestReset" duration-ms="441" started-at="2022-06-21T07:04:43 IST" finished-at="2022-06-21T07:04:44 IST">
          <reporter-output>
          </reporter-output>
        </test-method> <!-- verifyTestReset -->
        <test-method status="PASS" signature="close()[pri:0, instance:com.qa.testcases.PushNotificationsPageTestCase@7cc0cdad]" name="close" is-config="true" duration-ms="1379" started-at="2022-06-21T07:04:44 IST" finished-at="2022-06-21T07:04:45 IST">
          <reporter-output>
          </reporter-output>
        </test-method> <!-- close -->
      </class> <!-- com.qa.testcases.PushNotificationsPageTestCase -->
      <class name="com.qa.testcases.ManageNewsTestCase">
        <test-method status="PASS" signature="initializeDriver()[pri:0, instance:com.qa.testcases.ManageNewsTestCase@4d5d943d]" name="initializeDriver" is-config="true" duration-ms="9470" started-at="2022-06-21T07:04:45 IST" finished-at="2022-06-21T07:04:55 IST">
          <reporter-output>
          </reporter-output>
        </test-method> <!-- initializeDriver -->
        <test-method status="PASS" signature="performLogin()[pri:0, instance:com.qa.testcases.ManageNewsTestCase@4d5d943d]" name="performLogin" is-config="true" duration-ms="1551" started-at="2022-06-21T07:04:55 IST" finished-at="2022-06-21T07:04:56 IST">
          <reporter-output>
          </reporter-output>
        </test-method> <!-- performLogin -->
        <test-method status="PASS" signature="verifyNewBtn()[pri:1, instance:com.qa.testcases.ManageNewsTestCase@4d5d943d]" name="verifyNewBtn" duration-ms="2683" started-at="2022-06-21T07:04:56 IST" finished-at="2022-06-21T07:04:59 IST">
          <reporter-output>
          </reporter-output>
        </test-method> <!-- verifyNewBtn -->
        <test-method status="PASS" signature="verifyNewBtnAssert()[pri:2, instance:com.qa.testcases.ManageNewsTestCase@4d5d943d]" name="verifyNewBtnAssert" duration-ms="59" started-at="2022-06-21T07:04:59 IST" finished-at="2022-06-21T07:04:59 IST">
          <reporter-output>
          </reporter-output>
        </test-method> <!-- verifyNewBtnAssert -->
        <test-method status="PASS" signature="verifysearchBtn()[pri:3, instance:com.qa.testcases.ManageNewsTestCase@4d5d943d]" name="verifysearchBtn" duration-ms="1487" started-at="2022-06-21T07:04:59 IST" finished-at="2022-06-21T07:05:00 IST">
          <reporter-output>
          </reporter-output>
        </test-method> <!-- verifysearchBtn -->
        <test-method status="PASS" signature="verifyResetBtn()[pri:4, instance:com.qa.testcases.ManageNewsTestCase@4d5d943d]" name="verifyResetBtn" duration-ms="701" started-at="2022-06-21T07:05:00 IST" finished-at="2022-06-21T07:05:01 IST">
          <reporter-output>
          </reporter-output>
        </test-method> <!-- verifyResetBtn -->
        <test-method status="PASS" signature="close()[pri:0, instance:com.qa.testcases.ManageNewsTestCase@4d5d943d]" name="close" is-config="true" duration-ms="1390" started-at="2022-06-21T07:05:01 IST" finished-at="2022-06-21T07:05:03 IST">
          <reporter-output>
          </reporter-output>
        </test-method> <!-- close -->
      </class> <!-- com.qa.testcases.ManageNewsTestCase -->
      <class name="com.qa.testcases.ManageOrderTestCase">
        <test-method status="PASS" signature="initializeDriver()[pri:0, instance:com.qa.testcases.ManageOrderTestCase@2a4fb17b]" name="initializeDriver" is-config="true" duration-ms="9209" started-at="2022-06-21T07:03:19 IST" finished-at="2022-06-21T07:03:29 IST">
          <reporter-output>
          </reporter-output>
        </test-method> <!-- initializeDriver -->
        <test-method status="PASS" signature="performLogin()[pri:0, instance:com.qa.testcases.ManageOrderTestCase@2a4fb17b]" name="performLogin" is-config="true" duration-ms="1566" started-at="2022-06-21T07:03:29 IST" finished-at="2022-06-21T07:03:30 IST">
          <reporter-output>
          </reporter-output>
        </test-method> <!-- performLogin -->
        <test-method status="PASS" signature="listOrderIsDisplayed()[pri:1, instance:com.qa.testcases.ManageOrderTestCase@2a4fb17b]" name="listOrderIsDisplayed" duration-ms="2560" started-at="2022-06-21T07:03:30 IST" finished-at="2022-06-21T07:03:33 IST">
          <reporter-output>
          </reporter-output>
        </test-method> <!-- listOrderIsDisplayed -->
        <test-method status="PASS" signature="verifyHomePageTitel()[pri:2, instance:com.qa.testcases.ManageOrderTestCase@2a4fb17b]" name="verifyHomePageTitel" duration-ms="8" started-at="2022-06-21T07:03:33 IST" finished-at="2022-06-21T07:03:33 IST">
          <reporter-output>
          </reporter-output>
        </test-method> <!-- verifyHomePageTitel -->
        <test-method status="PASS" signature="searchManageOrderPage()[pri:3, instance:com.qa.testcases.ManageOrderTestCase@2a4fb17b]" name="searchManageOrderPage" duration-ms="2160" started-at="2022-06-21T07:03:33 IST" finished-at="2022-06-21T07:03:35 IST">
          <reporter-output>
          </reporter-output>
        </test-method> <!-- searchManageOrderPage -->
        <test-method status="PASS" signature="verifyReset()[pri:4, instance:com.qa.testcases.ManageOrderTestCase@2a4fb17b]" name="verifyReset" duration-ms="1489" started-at="2022-06-21T07:03:35 IST" finished-at="2022-06-21T07:03:36 IST">
          <reporter-output>
          </reporter-output>
        </test-method> <!-- verifyReset -->
        <test-method status="PASS" signature="verifyView()[pri:5, instance:com.qa.testcases.ManageOrderTestCase@2a4fb17b]" name="verifyView" duration-ms="869" started-at="2022-06-21T07:03:36 IST" finished-at="2022-06-21T07:03:37 IST">
          <reporter-output>
          </reporter-output>
        </test-method> <!-- verifyView -->
        <test-method status="PASS" signature="close()[pri:0, instance:com.qa.testcases.ManageOrderTestCase@2a4fb17b]" name="close" is-config="true" duration-ms="1560" started-at="2022-06-21T07:03:37 IST" finished-at="2022-06-21T07:03:39 IST">
          <reporter-output>
          </reporter-output>
        </test-method> <!-- close -->
      </class> <!-- com.qa.testcases.ManageOrderTestCase -->
      <class name="com.qa.testcases.ManageUsersTestCase">
        <test-method status="PASS" signature="initializeDriver()[pri:0, instance:com.qa.testcases.ManageUsersTestCase@459e9125]" name="initializeDriver" is-config="true" duration-ms="12009" started-at="2022-06-21T07:04:11 IST" finished-at="2022-06-21T07:04:23 IST">
          <reporter-output>
          </reporter-output>
        </test-method> <!-- initializeDriver -->
        <test-method status="PASS" signature="performLogin()[pri:0, instance:com.qa.testcases.ManageUsersTestCase@459e9125]" name="performLogin" is-config="true" duration-ms="1559" started-at="2022-06-21T07:04:23 IST" finished-at="2022-06-21T07:04:24 IST">
          <reporter-output>
          </reporter-output>
        </test-method> <!-- performLogin -->
        <test-method status="PASS" signature="manageVerifyUsersPage()[pri:1, instance:com.qa.testcases.ManageUsersTestCase@459e9125]" name="manageVerifyUsersPage" duration-ms="710" started-at="2022-06-21T07:04:24 IST" finished-at="2022-06-21T07:04:25 IST">
          <reporter-output>
          </reporter-output>
        </test-method> <!-- manageVerifyUsersPage -->
        <test-method status="PASS" signature="searchVerifyUsersPage()[pri:2, instance:com.qa.testcases.ManageUsersTestCase@459e9125]" name="searchVerifyUsersPage" duration-ms="2473" started-at="2022-06-21T07:04:25 IST" finished-at="2022-06-21T07:04:28 IST">
          <reporter-output>
          </reporter-output>
        </test-method> <!-- searchVerifyUsersPage -->
        <test-method status="PASS" signature="verifyStatus()[pri:3, instance:com.qa.testcases.ManageUsersTestCase@459e9125]" name="verifyStatus" duration-ms="586" started-at="2022-06-21T07:04:28 IST" finished-at="2022-06-21T07:04:28 IST">
          <reporter-output>
          </reporter-output>
        </test-method> <!-- verifyStatus -->
        <test-method status="PASS" signature="close()[pri:0, instance:com.qa.testcases.ManageUsersTestCase@459e9125]" name="close" is-config="true" duration-ms="1648" started-at="2022-06-21T07:04:28 IST" finished-at="2022-06-21T07:04:30 IST">
          <reporter-output>
          </reporter-output>
        </test-method> <!-- close -->
      </class> <!-- com.qa.testcases.ManageUsersTestCase -->
      <class name="com.qa.testcases.SignInTestCase">
        <test-method status="PASS" signature="initializeDriver()[pri:0, instance:com.qa.testcases.SignInTestCase@799f10e1]" name="initializeDriver" is-config="true" duration-ms="14926" started-at="2022-06-21T07:02:37 IST" finished-at="2022-06-21T07:02:52 IST">
          <reporter-output>
          </reporter-output>
        </test-method> <!-- initializeDriver -->
        <test-method status="PASS" signature="beforeMethod()[pri:0, instance:com.qa.testcases.SignInTestCase@799f10e1]" name="beforeMethod" is-config="true" duration-ms="1207" started-at="2022-06-21T07:02:52 IST" finished-at="2022-06-21T07:02:53 IST">
          <reporter-output>
          </reporter-output>
        </test-method> <!-- beforeMethod -->
        <test-method status="PASS" signature="userIdFeildIsDisplayed()[pri:1, instance:com.qa.testcases.SignInTestCase@799f10e1]" name="userIdFeildIsDisplayed" duration-ms="896" started-at="2022-06-21T07:02:53 IST" finished-at="2022-06-21T07:02:54 IST">
          <reporter-output>
          </reporter-output>
        </test-method> <!-- userIdFeildIsDisplayed -->
        <test-method status="PASS" signature="passwordFeildIsDisplayed()[pri:2, instance:com.qa.testcases.SignInTestCase@799f10e1]" name="passwordFeildIsDisplayed" duration-ms="111" started-at="2022-06-21T07:02:54 IST" finished-at="2022-06-21T07:02:54 IST">
          <reporter-output>
          </reporter-output>
        </test-method> <!-- passwordFeildIsDisplayed -->
        <test-method status="PASS" signature="passwordMasked()[pri:3, instance:com.qa.testcases.SignInTestCase@799f10e1]" name="passwordMasked" duration-ms="72" started-at="2022-06-21T07:02:54 IST" finished-at="2022-06-21T07:02:54 IST">
          <reporter-output>
          </reporter-output>
        </test-method> <!-- passwordMasked -->
        <test-method status="PASS" signature="login()[pri:4, instance:com.qa.testcases.SignInTestCase@799f10e1]" name="login" duration-ms="6672" started-at="2022-06-21T07:02:54 IST" finished-at="2022-06-21T07:03:01 IST">
          <reporter-output>
          </reporter-output>
        </test-method> <!-- login -->
        <test-method status="PASS" signature="close()[pri:0, instance:com.qa.testcases.SignInTestCase@799f10e1]" name="close" is-config="true" duration-ms="2389" started-at="2022-06-21T07:03:01 IST" finished-at="2022-06-21T07:03:03 IST">
          <reporter-output>
          </reporter-output>
        </test-method> <!-- close -->
      </class> <!-- com.qa.testcases.SignInTestCase -->
      <class name="com.qa.testcases.ExpenseCategoryTestCase">
        <test-method status="PASS" signature="initializeDriver()[pri:0, instance:com.qa.testcases.ExpenseCategoryTestCase@6302bbb1]" name="initializeDriver" is-config="true" duration-ms="8414" started-at="2022-06-21T07:03:03 IST" finished-at="2022-06-21T07:03:12 IST">
          <reporter-output>
          </reporter-output>
        </test-method> <!-- initializeDriver -->
        <test-method status="PASS" signature="performLogin()[pri:0, instance:com.qa.testcases.ExpenseCategoryTestCase@6302bbb1]" name="performLogin" is-config="true" duration-ms="1646" started-at="2022-06-21T07:03:12 IST" finished-at="2022-06-21T07:03:13 IST">
          <reporter-output>
          </reporter-output>
        </test-method> <!-- performLogin -->
        <test-method status="PASS" signature="expenseCategoryPageVerification()[pri:1, instance:com.qa.testcases.ExpenseCategoryTestCase@6302bbb1]" name="expenseCategoryPageVerification" duration-ms="4445" started-at="2022-06-21T07:03:13 IST" finished-at="2022-06-21T07:03:18 IST">
          <reporter-output>
          </reporter-output>
        </test-method> <!-- expenseCategoryPageVerification -->
        <test-method status="PASS" signature="verifyExpenseCategoryPageNewButtonElement()[pri:2, instance:com.qa.testcases.ExpenseCategoryTestCase@6302bbb1]" name="verifyExpenseCategoryPageNewButtonElement" duration-ms="112" started-at="2022-06-21T07:03:18 IST" finished-at="2022-06-21T07:03:18 IST">
          <reporter-output>
          </reporter-output>
        </test-method> <!-- verifyExpenseCategoryPageNewButtonElement -->
        <test-method status="PASS" signature="verifyExpenseCategoryPageSearchButtonElement()[pri:3, instance:com.qa.testcases.ExpenseCategoryTestCase@6302bbb1]" name="verifyExpenseCategoryPageSearchButtonElement" duration-ms="118" started-at="2022-06-21T07:03:18 IST" finished-at="2022-06-21T07:03:18 IST">
          <reporter-output>
          </reporter-output>
        </test-method> <!-- verifyExpenseCategoryPageSearchButtonElement -->
        <test-method status="PASS" signature="close()[pri:0, instance:com.qa.testcases.ExpenseCategoryTestCase@6302bbb1]" name="close" is-config="true" duration-ms="1431" started-at="2022-06-21T07:03:18 IST" finished-at="2022-06-21T07:03:19 IST">
          <reporter-output>
          </reporter-output>
        </test-method> <!-- close -->
      </class> <!-- com.qa.testcases.ExpenseCategoryTestCase -->
      <class name="com.qa.testcases.ManageProductTestCase">
        <test-method status="PASS" signature="initializeDriver()[pri:0, instance:com.qa.testcases.ManageProductTestCase@5c6648b0]" name="initializeDriver" is-config="true" duration-ms="12012" started-at="2022-06-21T07:03:39 IST" finished-at="2022-06-21T07:03:51 IST">
          <reporter-output>
          </reporter-output>
        </test-method> <!-- initializeDriver -->
        <test-method status="PASS" signature="performLogin()[pri:0, instance:com.qa.testcases.ManageProductTestCase@5c6648b0]" name="performLogin" is-config="true" duration-ms="1540" started-at="2022-06-21T07:03:51 IST" finished-at="2022-06-21T07:03:52 IST">
          <reporter-output>
          </reporter-output>
        </test-method> <!-- performLogin -->
        <test-method status="PASS" signature="verifyManageProduct()[pri:1, instance:com.qa.testcases.ManageProductTestCase@5c6648b0]" name="verifyManageProduct" duration-ms="1072" started-at="2022-06-21T07:03:52 IST" finished-at="2022-06-21T07:03:53 IST">
          <reporter-output>
          </reporter-output>
        </test-method> <!-- verifyManageProduct -->
        <test-method status="PASS" signature="verifyManageProductPage()[pri:2, instance:com.qa.testcases.ManageProductTestCase@5c6648b0]" name="verifyManageProductPage" duration-ms="12075" started-at="2022-06-21T07:03:53 IST" finished-at="2022-06-21T07:04:05 IST">
          <reporter-output>
          </reporter-output>
        </test-method> <!-- verifyManageProductPage -->
        <test-method status="PASS" signature="verifySearchBtn()[pri:3, instance:com.qa.testcases.ManageProductTestCase@5c6648b0]" name="verifySearchBtn" duration-ms="3195" started-at="2022-06-21T07:04:05 IST" finished-at="2022-06-21T07:04:09 IST">
          <reporter-output>
          </reporter-output>
        </test-method> <!-- verifySearchBtn -->
        <test-method status="PASS" signature="close()[pri:0, instance:com.qa.testcases.ManageProductTestCase@5c6648b0]" name="close" is-config="true" duration-ms="2169" started-at="2022-06-21T07:04:09 IST" finished-at="2022-06-21T07:04:11 IST">
          <reporter-output>
          </reporter-output>
        </test-method> <!-- close -->
      </class> <!-- com.qa.testcases.ManageProductTestCase -->
    </test> <!-- Test -->
  </suite> <!-- Suite -->
</testng-results>
